<?xml version="1.0" encoding="UTF-8"?>
<testng-results ignored="0" total="1" passed="1" failed="0" skipped="0">
  <reporter-output>
  </reporter-output>
  <suite started-at="2026-09-06T12:47:34 IST" name="Selenium Tests" finished-at="2026-09-06T12:47:47 IST" duration-ms="12754">
    <groups>
    </groups>
    <test started-at="2026-09-06T12:47:34 IST" name="Google Title Test" finished-at="2026-09-06T12:47:47 IST" duration-ms="12754">
      <class name="tests.GoogleTitleTest">
        <test-method is-config="true" signature="setUp()[pri:0, instance:tests.GoogleTitleTest@35ef1869]" started-at="2026-09-06T12:47:34 IST" name="setUp" finished-at="2026-09-06T12:47:44 IST" duration-ms="9819" status="PASS">
          <reporter-output>
          </reporter-output>
        </test-method> <!-- setUp -->
        <test-method signature="verifyGoogleTitle()[pri:0, instance:tests.GoogleTitleTest@35ef1869]" started-at="2026-09-06T12:47:44 IST" name="verifyGoogleTitle" finished-at="2026-09-06T12:47:46 IST" duration-ms="1862" status="PASS">
          <reporter-output>
          </reporter-output>
        </test-method> <!-- verifyGoogleTitle -->
        <test-method is-config="true" signature="tearDown()[pri:0, instance:tests.GoogleTitleTest@35ef1869]" started-at="2026-09-06T12:47:46 IST" name="tearDown" finished-at="2026-09-06T12:47:47 IST" duration-ms="942" status="PASS">
          <reporter-output>
          </reporter-output>
        </test-method> <!-- tearDown -->
      </class> <!-- tests.GoogleTitleTest -->
    </test> <!-- Google Title Test -->
  </suite> <!-- Selenium Tests -->
</testng-results>
